<?xml version="1.0" encoding="UTF-8"?>
<testsuites name="bun test" tests="3" assertions="3" failures="0" skipped="0" time="0.008253">
  <testsuite name="pass.test.ts" file="pass.test.ts" tests="3" assertions="3" failures="0" skipped="0" time="0" hostname="PO-RND-M-ILYBRY">
    <testcase name="adds numbers" classname="" time="0.000076" file="pass.test.ts" line="2" assertions="1" />
    <testcase name="string concat" classname="" time="0" file="pass.test.ts" line="3" assertions="1" />
    <testcase name="array length" classname="" time="0" file="pass.test.ts" line="4" assertions="1" />
  </testsuite>
</testsuites>
